This file contains any messages produced by compilers while
running configure, to aid debugging if configure makes a mistake.

It was created by PyLith configure 2.2.1, which was
generated by GNU Autoconf 2.69.  Invocation command line was

  $ ./configure 

## --------- ##
## Platform. ##
## --------- ##

hostname = raptor
uname -m = x86_64
uname -r = 4.15.0-36-generic
uname -s = Linux
uname -v = #39-Ubuntu SMP Mon Sep 24 16:19:09 UTC 2018

/usr/bin/uname -p = unknown
/bin/uname -X     = unknown

/bin/arch              = unknown
/usr/bin/arch -k       = unknown
/usr/convex/getsysinfo = unknown
/usr/bin/hostinfo      = unknown
/bin/machine           = unknown
/usr/bin/oslevel       = unknown
/bin/universe          = unknown

PATH: /home/raptor/pylith/bin
PATH: /home/raptor/.local/bin
PATH: /opt/texbin
PATH: /usr/local/sbin
PATH: /usr/local/bin
PATH: /usr/sbin
PATH: /usr/bin
PATH: /sbin
PATH: /bin
PATH: /usr/games
PATH: /usr/local/games
PATH: /snap/bin
PATH: /home/raptor/sac/bin
PATH: /home/raptor/SeisUnix/bin
PATH: /home/raptor/sw4/build/bin
PATH: /opt/Trelis-16.1/bin
PATH: /home/raptor/arduino-1.8.5
PATH: /home/raptor/fritzing-0.9.3b.linux.AMD64


## ----------- ##
## Core tests. ##
## ----------- ##

configure:2636: checking for a BSD-compatible install
configure:2704: result: /usr/bin/install -c
configure:2715: checking whether build environment is sane
configure:2770: result: yes
configure:2921: checking for a thread-safe mkdir -p
configure:2960: result: /bin/mkdir -p
configure:2967: checking for gawk
configure:2983: found /usr/bin/gawk
configure:2994: result: gawk
configure:3005: checking whether make sets $(MAKE)
configure:3027: result: yes
configure:3056: checking whether make supports nested variables
configure:3073: result: yes
configure:3438: checking for gcc
configure:3454: found /usr/bin/gcc
configure:3465: result: gcc
configure:3694: checking for C compiler version
configure:3703: gcc --version >&5
gcc (Ubuntu 7.3.0-27ubuntu1~18.04) 7.3.0
Copyright (C) 2017 Free Software Foundation, Inc.
This is free software; see the source for copying conditions.  There is NO
warranty; not even for MERCHANTABILITY or FITNESS FOR A PARTICULAR PURPOSE.

configure:3714: $? = 0
configure:3703: gcc -v >&5
Using built-in specs.
COLLECT_GCC=gcc
COLLECT_LTO_WRAPPER=/usr/lib/gcc/x86_64-linux-gnu/7/lto-wrapper
OFFLOAD_TARGET_NAMES=nvptx-none
OFFLOAD_TARGET_DEFAULT=1
Target: x86_64-linux-gnu
Configured with: ../src/configure -v --with-pkgversion='Ubuntu 7.3.0-27ubuntu1~18.04' --with-bugurl=file:///usr/share/doc/gcc-7/README.Bugs --enable-languages=c,ada,c++,go,brig,d,fortran,objc,obj-c++ --prefix=/usr --with-gcc-major-version-only --program-suffix=-7 --program-prefix=x86_64-linux-gnu- --enable-shared --enable-linker-build-id --libexecdir=/usr/lib --without-included-gettext --enable-threads=posix --libdir=/usr/lib --enable-nls --with-sysroot=/ --enable-clocale=gnu --enable-libstdcxx-debug --enable-libstdcxx-time=yes --with-default-libstdcxx-abi=new --enable-gnu-unique-object --disable-vtable-verify --enable-libmpx --enable-plugin --enable-default-pie --with-system-zlib --with-target-system-zlib --enable-objc-gc=auto --enable-multiarch --disable-werror --with-arch-32=i686 --with-abi=m64 --with-multilib-list=m32,m64,mx32 --enable-multilib --with-tune=generic --enable-offload-targets=nvptx-none --without-cuda-driver --enable-checking=release --build=x86_64-linux-gnu --host=x86_64-linux-gnu --target=x86_64-linux-gnu
Thread model: posix
gcc version 7.3.0 (Ubuntu 7.3.0-27ubuntu1~18.04) 
configure:3714: $? = 0
configure:3703: gcc -V >&5
gcc: error: unrecognized command line option '-V'
gcc: fatal error: no input files
compilation terminated.
configure:3714: $? = 1
configure:3703: gcc -qversion >&5
gcc: error: unrecognized command line option '-qversion'; did you mean '--version'?
gcc: fatal error: no input files
compilation terminated.
configure:3714: $? = 1
configure:3734: checking whether the C compiler works
configure:3756: gcc  -DENABLE_HDF5   conftest.c  >&5
configure:3760: $? = 0
configure:3808: result: yes
configure:3811: checking for C compiler default output file name
configure:3813: result: a.out
configure:3819: checking for suffix of executables
configure:3826: gcc -o conftest  -DENABLE_HDF5   conftest.c  >&5
configure:3830: $? = 0
configure:3852: result: 
configure:3874: checking whether we are cross compiling
configure:3882: gcc -o conftest  -DENABLE_HDF5   conftest.c  >&5
configure:3886: $? = 0
configure:3893: ./conftest
configure:3897: $? = 0
configure:3912: result: no
configure:3917: checking for suffix of object files
configure:3939: gcc -c  -DENABLE_HDF5  conftest.c >&5
configure:3943: $? = 0
configure:3964: result: o
configure:3968: checking whether we are using the GNU C compiler
configure:3987: gcc -c  -DENABLE_HDF5  conftest.c >&5
configure:3987: $? = 0
configure:3996: result: yes
configure:4005: checking whether gcc accepts -g
configure:4025: gcc -c -g -DENABLE_HDF5  conftest.c >&5
configure:4025: $? = 0
configure:4066: result: yes
configure:4083: checking for gcc option to accept ISO C89
configure:4146: gcc  -c -g -O2 -DENABLE_HDF5  conftest.c >&5
configure:4146: $? = 0
configure:4159: result: none needed
configure:4184: checking whether gcc understands -c and -o together
configure:4206: gcc -c conftest.c -o conftest2.o
configure:4209: $? = 0
configure:4206: gcc -c conftest.c -o conftest2.o
configure:4209: $? = 0
configure:4221: result: yes
configure:4249: checking for style of include used by make
configure:4277: result: GNU
configure:4303: checking dependency style of gcc
configure:4414: result: gcc3
configure:4487: checking for g++
configure:4503: found /usr/bin/g++
configure:4514: result: g++
configure:4541: checking for C++ compiler version
configure:4550: g++ --version >&5
g++ (Ubuntu 7.3.0-27ubuntu1~18.04) 7.3.0
Copyright (C) 2017 Free Software Foundation, Inc.
This is free software; see the source for copying conditions.  There is NO
warranty; not even for MERCHANTABILITY or FITNESS FOR A PARTICULAR PURPOSE.

configure:4561: $? = 0
configure:4550: g++ -v >&5
Using built-in specs.
COLLECT_GCC=g++
COLLECT_LTO_WRAPPER=/usr/lib/gcc/x86_64-linux-gnu/7/lto-wrapper
OFFLOAD_TARGET_NAMES=nvptx-none
OFFLOAD_TARGET_DEFAULT=1
Target: x86_64-linux-gnu
Configured with: ../src/configure -v --with-pkgversion='Ubuntu 7.3.0-27ubuntu1~18.04' --with-bugurl=file:///usr/share/doc/gcc-7/README.Bugs --enable-languages=c,ada,c++,go,brig,d,fortran,objc,obj-c++ --prefix=/usr --with-gcc-major-version-only --program-suffix=-7 --program-prefix=x86_64-linux-gnu- --enable-shared --enable-linker-build-id --libexecdir=/usr/lib --without-included-gettext --enable-threads=posix --libdir=/usr/lib --enable-nls --with-sysroot=/ --enable-clocale=gnu --enable-libstdcxx-debug --enable-libstdcxx-time=yes --with-default-libstdcxx-abi=new --enable-gnu-unique-object --disable-vtable-verify --enable-libmpx --enable-plugin --enable-default-pie --with-system-zlib --with-target-system-zlib --enable-objc-gc=auto --enable-multiarch --disable-werror --with-arch-32=i686 --with-abi=m64 --with-multilib-list=m32,m64,mx32 --enable-multilib --with-tune=generic --enable-offload-targets=nvptx-none --without-cuda-driver --enable-checking=release --build=x86_64-linux-gnu --host=x86_64-linux-gnu --target=x86_64-linux-gnu
Thread model: posix
gcc version 7.3.0 (Ubuntu 7.3.0-27ubuntu1~18.04) 
configure:4561: $? = 0
configure:4550: g++ -V >&5
g++: error: unrecognized command line option '-V'
g++: fatal error: no input files
compilation terminated.
configure:4561: $? = 1
configure:4550: g++ -qversion >&5
g++: error: unrecognized command line option '-qversion'; did you mean '--version'?
g++: fatal error: no input files
compilation terminated.
configure:4561: $? = 1
configure:4565: checking whether we are using the GNU C++ compiler
configure:4584: g++ -c  -DENABLE_HDF5  conftest.cpp >&5
configure:4584: $? = 0
configure:4593: result: yes
configure:4602: checking whether g++ accepts -g
configure:4622: g++ -c -g -DENABLE_HDF5  conftest.cpp >&5
configure:4622: $? = 0
configure:4663: result: yes
configure:4688: checking dependency style of g++
configure:4799: result: gcc3
configure:4819: checking how to run the C++ preprocessor
configure:4846: g++ -E -DENABLE_HDF5  conftest.cpp
configure:4846: $? = 0
configure:4860: g++ -E -DENABLE_HDF5  conftest.cpp
conftest.cpp:11:10: fatal error: ac_nonexistent.h: No such file or directory
 #include <ac_nonexistent.h>
          ^~~~~~~~~~~~~~~~~~
compilation terminated.
configure:4860: $? = 1
configure: failed program was:
| /* confdefs.h */
| #define PACKAGE_NAME "PyLith"
| #define PACKAGE_TARNAME "pylith"
| #define PACKAGE_VERSION "2.2.1"
| #define PACKAGE_STRING "PyLith 2.2.1"
| #define PACKAGE_BUGREPORT "cig-short@geodynamics.org"
| #define PACKAGE_URL ""
| #define PACKAGE "pylith"
| #define VERSION "2.2.1"
| /* end confdefs.h.  */
| #include <ac_nonexistent.h>
configure:4885: result: g++ -E
configure:4905: g++ -E -DENABLE_HDF5  conftest.cpp
configure:4905: $? = 0
configure:4919: g++ -E -DENABLE_HDF5  conftest.cpp
conftest.cpp:11:10: fatal error: ac_nonexistent.h: No such file or directory
 #include <ac_nonexistent.h>
          ^~~~~~~~~~~~~~~~~~
compilation terminated.
configure:4919: $? = 1
configure: failed program was:
| /* confdefs.h */
| #define PACKAGE_NAME "PyLith"
| #define PACKAGE_TARNAME "pylith"
| #define PACKAGE_VERSION "2.2.1"
| #define PACKAGE_STRING "PyLith 2.2.1"
| #define PACKAGE_BUGREPORT "cig-short@geodynamics.org"
| #define PACKAGE_URL ""
| #define PACKAGE "pylith"
| #define VERSION "2.2.1"
| /* end confdefs.h.  */
| #include <ac_nonexistent.h>
configure:5025: checking how to print strings
configure:5052: result: printf
configure:5073: checking for a sed that does not truncate output
configure:5137: result: /bin/sed
configure:5155: checking for grep that handles long lines and -e
configure:5213: result: /bin/grep
configure:5218: checking for egrep
configure:5280: result: /bin/grep -E
configure:5285: checking for fgrep
configure:5347: result: /bin/grep -F
configure:5382: checking for ld used by gcc
configure:5449: result: /usr/bin/ld
configure:5456: checking if the linker (/usr/bin/ld) is GNU ld
configure:5471: result: yes
configure:5483: checking for BSD- or MS-compatible name lister (nm)
configure:5537: result: /usr/bin/nm -B
configure:5667: checking the name lister (/usr/bin/nm -B) interface
configure:5674: gcc -c -g -O2 -DENABLE_HDF5  conftest.c >&5
configure:5677: /usr/bin/nm -B "conftest.o"
configure:5680: output
0000000000000000 B some_variable
configure:5687: result: BSD nm
configure:5690: checking whether ln -s works
configure:5694: result: yes
configure:5702: checking the maximum length of command line arguments
configure:5833: result: 1572864
configure:5881: checking how to convert  file names to  format
configure:5921: result: func_convert_file_noop
configure:5928: checking how to convert  file names to toolchain format
configure:5948: result: func_convert_file_noop
configure:5955: checking for /usr/bin/ld option to reload object files
configure:5962: result: -r
configure:6036: checking for objdump
configure:6052: found /usr/bin/objdump
configure:6063: result: objdump
configure:6095: checking how to recognize dependent libraries
configure:6295: result: unknown
configure:6380: checking for dlltool
configure:6410: result: no
configure:6440: checking how to associate runtime and link libraries
configure:6467: result: printf %s\n
configure:6528: checking for ar
configure:6544: found /usr/bin/ar
configure:6555: result: ar
configure:6592: checking for archiver @FILE support
configure:6609: gcc -c -g -O2 -DENABLE_HDF5  conftest.c >&5
configure:6609: $? = 0
configure:6612: ar cru libconftest.a @conftest.lst >&5
ar: `u' modifier ignored since `D' is the default (see `U')
configure:6615: $? = 0
configure:6620: ar cru libconftest.a @conftest.lst >&5
ar: `u' modifier ignored since `D' is the default (see `U')
ar: conftest.o: No such file or directory
configure:6623: $? = 1
configure:6635: result: @
configure:6693: checking for strip
configure:6709: found /usr/bin/strip
configure:6720: result: strip
configure:6792: checking for ranlib
configure:6808: found /usr/bin/ranlib
configure:6819: result: ranlib
configure:6921: checking command to parse /usr/bin/nm -B output from gcc object
configure:7074: gcc -c -g -O2 -DENABLE_HDF5  conftest.c >&5
configure:7077: $? = 0
configure:7081: /usr/bin/nm -B conftest.o \| sed -n -e 's/^.*[ ]\([ABCDGIRSTW][ABCDGIRSTW]*\)[ ][ ]*\([_A-Za-z][_A-Za-z0-9]*\)$/\1 \2 \2/p' | sed '/ __gnu_lto/d' \> conftest.nm
configure:7084: $? = 0
configure:7150: gcc -o conftest -g -O2 -DENABLE_HDF5   conftest.c conftstm.o >&5
configure:7153: $? = 0
configure:7191: result: ok
configure:7238: checking for sysroot
configure:7268: result: no
configure:7275: checking for a working dd
configure:7313: result: /bin/dd
configure:7317: checking how to truncate binary pipes
configure:7332: result: /bin/dd bs=4096 count=1
configure:7661: checking for mt
configure:7677: found /bin/mt
configure:7688: result: mt
configure:7711: checking if mt is a manifest tool
configure:7717: mt '-?'
configure:7725: result: no
configure:8402: checking how to run the C preprocessor
configure:8433: gcc -E -DENABLE_HDF5  conftest.c
configure:8433: $? = 0
configure:8447: gcc -E -DENABLE_HDF5  conftest.c
conftest.c:11:10: fatal error: ac_nonexistent.h: No such file or directory
 #include <ac_nonexistent.h>
          ^~~~~~~~~~~~~~~~~~
compilation terminated.
configure:8447: $? = 1
configure: failed program was:
| /* confdefs.h */
| #define PACKAGE_NAME "PyLith"
| #define PACKAGE_TARNAME "pylith"
| #define PACKAGE_VERSION "2.2.1"
| #define PACKAGE_STRING "PyLith 2.2.1"
| #define PACKAGE_BUGREPORT "cig-short@geodynamics.org"
| #define PACKAGE_URL ""
| #define PACKAGE "pylith"
| #define VERSION "2.2.1"
| /* end confdefs.h.  */
| #include <ac_nonexistent.h>
configure:8472: result: gcc -E
configure:8492: gcc -E -DENABLE_HDF5  conftest.c
configure:8492: $? = 0
configure:8506: gcc -E -DENABLE_HDF5  conftest.c
conftest.c:11:10: fatal error: ac_nonexistent.h: No such file or directory
 #include <ac_nonexistent.h>
          ^~~~~~~~~~~~~~~~~~
compilation terminated.
configure:8506: $? = 1
configure: failed program was:
| /* confdefs.h */
| #define PACKAGE_NAME "PyLith"
| #define PACKAGE_TARNAME "pylith"
| #define PACKAGE_VERSION "2.2.1"
| #define PACKAGE_STRING "PyLith 2.2.1"
| #define PACKAGE_BUGREPORT "cig-short@geodynamics.org"
| #define PACKAGE_URL ""
| #define PACKAGE "pylith"
| #define VERSION "2.2.1"
| /* end confdefs.h.  */
| #include <ac_nonexistent.h>
configure:8535: checking for ANSI C header files
configure:8555: gcc -c -g -O2 -DENABLE_HDF5  conftest.c >&5
configure:8555: $? = 0
configure:8628: gcc -o conftest -g -O2 -DENABLE_HDF5   conftest.c  >&5
configure:8628: $? = 0
configure:8628: ./conftest
configure:8628: $? = 0
configure:8639: result: yes
configure:8652: checking for sys/types.h
configure:8652: gcc -c -g -O2 -DENABLE_HDF5  conftest.c >&5
configure:8652: $? = 0
configure:8652: result: yes
configure:8652: checking for sys/stat.h
configure:8652: gcc -c -g -O2 -DENABLE_HDF5  conftest.c >&5
configure:8652: $? = 0
configure:8652: result: yes
configure:8652: checking for stdlib.h
configure:8652: gcc -c -g -O2 -DENABLE_HDF5  conftest.c >&5
configure:8652: $? = 0
configure:8652: result: yes
configure:8652: checking for string.h
configure:8652: gcc -c -g -O2 -DENABLE_HDF5  conftest.c >&5
configure:8652: $? = 0
configure:8652: result: yes
configure:8652: checking for memory.h
configure:8652: gcc -c -g -O2 -DENABLE_HDF5  conftest.c >&5
configure:8652: $? = 0
configure:8652: result: yes
configure:8652: checking for strings.h
configure:8652: gcc -c -g -O2 -DENABLE_HDF5  conftest.c >&5
configure:8652: $? = 0
configure:8652: result: yes
configure:8652: checking for inttypes.h
configure:8652: gcc -c -g -O2 -DENABLE_HDF5  conftest.c >&5
configure:8652: $? = 0
configure:8652: result: yes
configure:8652: checking for stdint.h
configure:8652: gcc -c -g -O2 -DENABLE_HDF5  conftest.c >&5
configure:8652: $? = 0
configure:8652: result: yes
configure:8652: checking for unistd.h
configure:8652: gcc -c -g -O2 -DENABLE_HDF5  conftest.c >&5
configure:8652: $? = 0
configure:8652: result: yes
configure:8666: checking for dlfcn.h
configure:8666: gcc -c -g -O2 -DENABLE_HDF5  conftest.c >&5
configure:8666: $? = 0
configure:8666: result: yes
configure:8903: checking for objdir
configure:8918: result: .libs
configure:9182: checking if gcc supports -fno-rtti -fno-exceptions
configure:9200: gcc -c -g -O2 -DENABLE_HDF5  -fno-rtti -fno-exceptions conftest.c >&5
cc1: warning: command line option '-fno-rtti' is valid for C++/ObjC++ but not for C
configure:9204: $? = 0
configure:9217: result: no
configure:9575: checking for gcc option to produce PIC
configure:9582: result: -fPIC -DPIC
configure:9590: checking if gcc PIC flag -fPIC -DPIC works
configure:9608: gcc -c -g -O2 -DENABLE_HDF5  -fPIC -DPIC -DPIC conftest.c >&5
configure:9612: $? = 0
configure:9625: result: yes
configure:9654: checking if gcc static flag -static works
configure:9682: result: yes
configure:9697: checking if gcc supports -c -o file.o
configure:9718: gcc -c -g -O2 -DENABLE_HDF5  -o out/conftest2.o conftest.c >&5
configure:9722: $? = 0
configure:9744: result: yes
configure:9752: checking if gcc supports -c -o file.o
configure:9799: result: yes
configure:9832: checking whether the gcc linker (/usr/bin/ld) supports shared libraries
configure:11095: result: yes
configure:11132: checking whether -lc should be explicitly linked in
configure:11140: gcc -c -g -O2 -DENABLE_HDF5  conftest.c >&5
configure:11143: $? = 0
configure:11158: gcc -shared  -fPIC -DPIC conftest.o  -v -Wl,-soname -Wl,conftest -o conftest 2\>\&1 \| /bin/grep  -lc  \>/dev/null 2\>\&1
configure:11161: $? = 0
configure:11175: result: no
configure:11335: checking dynamic linker characteristics
configure:12165: result: no
configure:12287: checking how to hardcode library paths into programs
configure:12312: result: immediate
configure:12860: checking whether stripping libraries is possible
configure:12865: result: yes
configure:12900: checking if libtool supports shared libraries
configure:12902: result: no
configure:12905: checking whether to build shared libraries
configure:12930: result: no
configure:12933: checking whether to build static libraries
configure:12937: result: yes
configure:12960: checking how to run the C++ preprocessor
configure:13026: result: g++ -E
configure:13046: g++ -E -DENABLE_HDF5  conftest.cpp
configure:13046: $? = 0
configure:13060: g++ -E -DENABLE_HDF5  conftest.cpp
conftest.cpp:23:10: fatal error: ac_nonexistent.h: No such file or directory
 #include <ac_nonexistent.h>
          ^~~~~~~~~~~~~~~~~~
compilation terminated.
configure:13060: $? = 1
configure: failed program was:
| /* confdefs.h */
| #define PACKAGE_NAME "PyLith"
| #define PACKAGE_TARNAME "pylith"
| #define PACKAGE_VERSION "2.2.1"
| #define PACKAGE_STRING "PyLith 2.2.1"
| #define PACKAGE_BUGREPORT "cig-short@geodynamics.org"
| #define PACKAGE_URL ""
| #define PACKAGE "pylith"
| #define VERSION "2.2.1"
| #define STDC_HEADERS 1
| #define HAVE_SYS_TYPES_H 1
| #define HAVE_SYS_STAT_H 1
| #define HAVE_STDLIB_H 1
| #define HAVE_STRING_H 1
| #define HAVE_MEMORY_H 1
| #define HAVE_STRINGS_H 1
| #define HAVE_INTTYPES_H 1
| #define HAVE_STDINT_H 1
| #define HAVE_UNISTD_H 1
| #define HAVE_DLFCN_H 1
| #define LT_OBJDIR ".libs/"
| /* end confdefs.h.  */
| #include <ac_nonexistent.h>
configure:13222: checking for ld used by g++
configure:13289: result: /usr/bin/ld
configure:13296: checking if the linker (/usr/bin/ld) is GNU ld
configure:13311: result: yes
configure:13366: checking whether the g++ linker (/usr/bin/ld) supports shared libraries
configure:14439: result: no
configure:14475: g++ -c -g -O2 -DENABLE_HDF5  conftest.cpp >&5
configure:14478: $? = 0
configure:14959: checking for g++ option to produce PIC
configure:14966: result: -fPIC -DPIC
configure:14974: checking if g++ PIC flag -fPIC -DPIC works
configure:14992: g++ -c -g -O2 -DENABLE_HDF5  -fPIC -DPIC -DPIC conftest.cpp >&5
configure:14996: $? = 0
configure:15009: result: yes
configure:15032: checking if g++ static flag -static works
configure:15060: result: yes
configure:15072: checking if g++ supports -c -o file.o
configure:15093: g++ -c -g -O2 -DENABLE_HDF5  -o out/conftest2.o conftest.cpp >&5
configure:15097: $? = 0
configure:15119: result: yes
configure:15124: checking if g++ supports -c -o file.o
configure:15171: result: yes
configure:15201: checking whether the g++ linker (/usr/bin/ld) supports shared libraries
configure:15244: result: no
configure:15385: checking dynamic linker characteristics
configure:16142: result: no
configure:16207: checking how to hardcode library paths into programs
configure:16232: result: immediate
configure:16301: checking for nemesis
configure:16319: found /home/raptor/pylith/bin/nemesis
configure:16332: result: /home/raptor/pylith/bin/nemesis
configure:16352: checking whether /home/raptor/pylith/bin/nemesis version is >= 2.7
configure:16363: /home/raptor/pylith/bin/nemesis -c import sys # split strings by '.' and convert to numeric. Append some zeros # because we need at least 4 digits for the hex conversion. # map returns an iterator in Python 3.0 and a list in 2.x minver = list(map(int, '2.7'.split('.'))) + [0, 0, 0] minverhex = 0 # xrange is not present in Python 3.0 and range returns an iterator for i in list(range(0, 4)): minverhex = (minverhex << 8) + minver[i] sys.exit(sys.hexversion < minverhex)
configure:16366: $? = 0
configure:16368: result: yes
configure:16461: checking for /home/raptor/pylith/bin/nemesis version
configure:16468: result: 2.7
configure:16480: checking for /home/raptor/pylith/bin/nemesis platform
configure:16487: result: linux2
configure:16513: checking for /home/raptor/pylith/bin/nemesis script directory
configure:16548: result: ${prefix}/lib/python2.7/site-packages
configure:16557: checking for /home/raptor/pylith/bin/nemesis extension module directory
configure:16592: result: ${exec_prefix}/lib/python2.7/site-packages
configure:16608: checking /home/raptor/pylith/bin/nemesis sysconfig
configure:16689: result: ok
configure:16728: checking for /home/raptor/pylith/bin/nemesis include directory
configure:16736: result: /home/raptor/pylith/include/python2.7
configure:16746: checking Python.h usability
configure:16746: gcc -c -g -O2 -I/home/raptor/pylith/include/python2.7 -DENABLE_HDF5  conftest.c >&5
In file included from /home/raptor/pylith/include/python2.7/Python.h:8:0,
                 from conftest.c:56:
/home/raptor/pylith/include/python2.7/pyconfig.h:1223:0: warning: "_POSIX_C_SOURCE" redefined
 #define _POSIX_C_SOURCE 200112L
 
In file included from /usr/include/x86_64-linux-gnu/bits/libc-header-start.h:33:0,
                 from /usr/include/stdio.h:27,
                 from conftest.c:23:
/usr/include/features.h:265:0: note: this is the location of the previous definition
 # define _POSIX_C_SOURCE 200809L
 
configure:16746: $? = 0
configure:16746: result: yes
configure:16746: checking Python.h presence
configure:16746: gcc -E -I/home/raptor/pylith/include/python2.7 -DENABLE_HDF5  conftest.c
configure:16746: $? = 0
configure:16746: result: yes
configure:16746: checking for Python.h
configure:16746: result: yes
configure:16761: checking /home/raptor/pylith/bin/nemesis config
configure:16787: result: ok
configure:16806: checking whether -lpython2.7 is a shared library
configure:16839: gcc -o conftest -g -O2 -I/home/raptor/pylith/include/python2.7 -I/home/raptor/pylith/include/python2.7 -DENABLE_HDF5  -L/home/raptor/pylith/lib -L/home/raptor/pylith/lib/python2.7/config  conftest.c -lpthread -ldl -lutil -lm -lpython2.7  >&5
configure:16839: $? = 0
configure:16839: ./conftest
configure:16839: $? = 0
configure:16841: result: yes
configure:16874: checking whether we can link a trivial C++ MPI program
configure:16903: g++ -o conftest -g -O2  -DENABLE_HDF5   conftest.cpp   >&5
conftest.cpp:26:10: fatal error: mpi.h: No such file or directory
 #include <mpi.h>
          ^~~~~~~
compilation terminated.
configure:16903: $? = 1
configure: failed program was:
| /* confdefs.h */
| #define PACKAGE_NAME "PyLith"
| #define PACKAGE_TARNAME "pylith"
| #define PACKAGE_VERSION "2.2.1"
| #define PACKAGE_STRING "PyLith 2.2.1"
| #define PACKAGE_BUGREPORT "cig-short@geodynamics.org"
| #define PACKAGE_URL ""
| #define PACKAGE "pylith"
| #define VERSION "2.2.1"
| #define STDC_HEADERS 1
| #define HAVE_SYS_TYPES_H 1
| #define HAVE_SYS_STAT_H 1
| #define HAVE_STDLIB_H 1
| #define HAVE_STRING_H 1
| #define HAVE_MEMORY_H 1
| #define HAVE_STRINGS_H 1
| #define HAVE_INTTYPES_H 1
| #define HAVE_STDINT_H 1
| #define HAVE_UNISTD_H 1
| #define HAVE_DLFCN_H 1
| #define LT_OBJDIR ".libs/"
| /* end confdefs.h.  */
| 
| 
| #include <stdio.h>
| #include <mpi.h>
| 
| int
| main ()
| {
| 
|     MPI_Init(0,0);
|     MPI_Finalize();
| 
|   ;
|   return 0;
| }
| 
configure:16939: g++ -o conftest -g -O2 -DMPICH_SKIP_MPICXX  -DENABLE_HDF5   conftest.cpp   >&5
conftest.cpp:26:10: fatal error: mpi.h: No such file or directory
 #include <mpi.h>
          ^~~~~~~
compilation terminated.
configure:16939: $? = 1
configure: failed program was:
| /* confdefs.h */
| #define PACKAGE_NAME "PyLith"
| #define PACKAGE_TARNAME "pylith"
| #define PACKAGE_VERSION "2.2.1"
| #define PACKAGE_STRING "PyLith 2.2.1"
| #define PACKAGE_BUGREPORT "cig-short@geodynamics.org"
| #define PACKAGE_URL ""
| #define PACKAGE "pylith"
| #define VERSION "2.2.1"
| #define STDC_HEADERS 1
| #define HAVE_SYS_TYPES_H 1
| #define HAVE_SYS_STAT_H 1
| #define HAVE_STDLIB_H 1
| #define HAVE_STRING_H 1
| #define HAVE_MEMORY_H 1
| #define HAVE_STRINGS_H 1
| #define HAVE_INTTYPES_H 1
| #define HAVE_STDINT_H 1
| #define HAVE_UNISTD_H 1
| #define HAVE_DLFCN_H 1
| #define LT_OBJDIR ".libs/"
| /* end confdefs.h.  */
| 
| 
| #include <stdio.h>
| #include <mpi.h>
| 
| int
| main ()
| {
| 
|     MPI_Init(0,0);
|     MPI_Finalize();
| 
|   ;
|   return 0;
| }
| 
configure:16958: result: no
configure:16960: error: in `/home/raptor/build/pylith-josimar/features-poroelasticity':
configure:16962: error: cannot link a trivial C++ MPI program using g++
See `config.log' for more details

## ---------------- ##
## Cache variables. ##
## ---------------- ##

_cv_PYTHON_INCDIR=/home/raptor/pylith/include/python2.7
ac_cv_c_compiler_gnu=yes
ac_cv_cxx_compiler_gnu=yes
ac_cv_env_CCC_set=
ac_cv_env_CCC_value=
ac_cv_env_CC_set=
ac_cv_env_CC_value=
ac_cv_env_CFLAGS_set=
ac_cv_env_CFLAGS_value=
ac_cv_env_CPPFLAGS_set=
ac_cv_env_CPPFLAGS_value=
ac_cv_env_CPP_set=
ac_cv_env_CPP_value=
ac_cv_env_CXXCPP_set=
ac_cv_env_CXXCPP_value=
ac_cv_env_CXXFLAGS_set=
ac_cv_env_CXXFLAGS_value=
ac_cv_env_CXX_set=
ac_cv_env_CXX_value=
ac_cv_env_LDFLAGS_set=
ac_cv_env_LDFLAGS_value=
ac_cv_env_LIBS_set=
ac_cv_env_LIBS_value=
ac_cv_env_LT_SYS_LIBRARY_PATH_set=
ac_cv_env_LT_SYS_LIBRARY_PATH_value=
ac_cv_env_PETSC_ARCH_set=
ac_cv_env_PETSC_ARCH_value=
ac_cv_env_PETSC_DIR_set=
ac_cv_env_PETSC_DIR_value=
ac_cv_env_PYTHONPATH_set=set
ac_cv_env_PYTHONPATH_value=/home/raptor/pylith/lib/python2.7/site-packages:/home/raptor/pylith/lib64/python2.7/site-packages:
ac_cv_env_PYTHON_set=
ac_cv_env_PYTHON_value=
ac_cv_env_build_alias_set=
ac_cv_env_build_alias_value=
ac_cv_env_host_alias_set=
ac_cv_env_host_alias_value=
ac_cv_env_target_alias_set=
ac_cv_env_target_alias_value=
ac_cv_header_Python_h=yes
ac_cv_header_dlfcn_h=yes
ac_cv_header_inttypes_h=yes
ac_cv_header_memory_h=yes
ac_cv_header_stdc=yes
ac_cv_header_stdint_h=yes
ac_cv_header_stdlib_h=yes
ac_cv_header_string_h=yes
ac_cv_header_strings_h=yes
ac_cv_header_sys_stat_h=yes
ac_cv_header_sys_types_h=yes
ac_cv_header_unistd_h=yes
ac_cv_objext=o
ac_cv_path_EGREP='/bin/grep -E'
ac_cv_path_FGREP='/bin/grep -F'
ac_cv_path_GREP=/bin/grep
ac_cv_path_PYTHON=/home/raptor/pylith/bin/nemesis
ac_cv_path_SED=/bin/sed
ac_cv_path_install='/usr/bin/install -c'
ac_cv_path_lt_DD=/bin/dd
ac_cv_path_mkdir=/bin/mkdir
ac_cv_prog_AWK=gawk
ac_cv_prog_CPP='gcc -E'
ac_cv_prog_CXXCPP='g++ -E'
ac_cv_prog_ac_ct_AR=ar
ac_cv_prog_ac_ct_CC=gcc
ac_cv_prog_ac_ct_CXX=g++
ac_cv_prog_ac_ct_MANIFEST_TOOL=mt
ac_cv_prog_ac_ct_OBJDUMP=objdump
ac_cv_prog_ac_ct_RANLIB=ranlib
ac_cv_prog_ac_ct_STRIP=strip
ac_cv_prog_cc_c89=
ac_cv_prog_cc_g=yes
ac_cv_prog_cxx_g=yes
ac_cv_prog_make_make_set=yes
am_cv_CC_dependencies_compiler_type=gcc3
am_cv_CXX_dependencies_compiler_type=gcc3
am_cv_make_support_nested_variables=yes
am_cv_prog_cc_c_o=yes
am_cv_python_platform=linux2
am_cv_python_pyexecdir='${exec_prefix}/lib/python2.7/site-packages'
am_cv_python_pythondir='${prefix}/lib/python2.7/site-packages'
am_cv_python_version=2.7
lt_cv_ar_at_file=@
lt_cv_archive_cmds_need_lc=no
lt_cv_deplibs_check_method=unknown
lt_cv_file_magic_cmd='$MAGIC_CMD'
lt_cv_file_magic_test_file=
lt_cv_ld_reload_flag=-r
lt_cv_nm_interface='BSD nm'
lt_cv_objdir=.libs
lt_cv_path_LD=/usr/bin/ld
lt_cv_path_LDCXX=/usr/bin/ld
lt_cv_path_NM='/usr/bin/nm -B'
lt_cv_path_mainfest_tool=no
lt_cv_prog_compiler_c_o=yes
lt_cv_prog_compiler_c_o_CXX=yes
lt_cv_prog_compiler_pic='-fPIC -DPIC'
lt_cv_prog_compiler_pic_CXX='-fPIC -DPIC'
lt_cv_prog_compiler_pic_works=yes
lt_cv_prog_compiler_pic_works_CXX=yes
lt_cv_prog_compiler_rtti_exceptions=no
lt_cv_prog_compiler_static_works=yes
lt_cv_prog_compiler_static_works_CXX=yes
lt_cv_prog_gnu_ld=yes
lt_cv_prog_gnu_ldcxx=yes
lt_cv_sharedlib_from_linklib_cmd='printf %s\n'
lt_cv_sys_global_symbol_pipe='sed -n -e '\''s/^.*[	 ]\([ABCDGIRSTW][ABCDGIRSTW]*\)[	 ][	 ]*\([_A-Za-z][_A-Za-z0-9]*\)$/\1 \2 \2/p'\'' | sed '\''/ __gnu_lto/d'\'''
lt_cv_sys_global_symbol_to_c_name_address='sed -n -e '\''s/^: \(.*\) .*$/  {"\1", (void *) 0},/p'\'' -e '\''s/^[ABCDGIRSTW][ABCDGIRSTW]* .* \(.*\)$/  {"\1", (void *) \&\1},/p'\'''
lt_cv_sys_global_symbol_to_c_name_address_lib_prefix='sed -n -e '\''s/^: \(.*\) .*$/  {"\1", (void *) 0},/p'\'' -e '\''s/^[ABCDGIRSTW][ABCDGIRSTW]* .* \(lib.*\)$/  {"\1", (void *) \&\1},/p'\'' -e '\''s/^[ABCDGIRSTW][ABCDGIRSTW]* .* \(.*\)$/  {"lib\1", (void *) \&\1},/p'\'''
lt_cv_sys_global_symbol_to_cdecl='sed -n -e '\''s/^T .* \(.*\)$/extern int \1();/p'\'' -e '\''s/^[ABCDGIRSTW][ABCDGIRSTW]* .* \(.*\)$/extern char \1;/p'\'''
lt_cv_sys_global_symbol_to_import=
lt_cv_sys_max_cmd_len=1572864
lt_cv_to_host_file_cmd=func_convert_file_noop
lt_cv_to_tool_file_cmd=func_convert_file_noop
lt_cv_truncate_bin='/bin/dd bs=4096 count=1'

## ----------------- ##
## Output variables. ##
## ----------------- ##

ACLOCAL='${SHELL} /home/raptor/build/pylith-josimar/features-poroelasticity/aux-config/missing aclocal-1.15'
AMDEPBACKSLASH='\'
AMDEP_FALSE='#'
AMDEP_TRUE=''
AMTAR='$${TAR-tar}'
AM_BACKSLASH='\'
AM_DEFAULT_V='$(AM_DEFAULT_VERBOSITY)'
AM_DEFAULT_VERBOSITY='1'
AM_V='$(V)'
AR='ar'
AUTOCONF='${SHELL} /home/raptor/build/pylith-josimar/features-poroelasticity/aux-config/missing autoconf'
AUTOHEADER='${SHELL} /home/raptor/build/pylith-josimar/features-poroelasticity/aux-config/missing autoheader'
AUTOMAKE='${SHELL} /home/raptor/build/pylith-josimar/features-poroelasticity/aux-config/missing automake-1.15'
AWK='gawk'
CC='gcc'
CCDEPMODE='depmode=gcc3'
CFLAGS='-g -O2'
CPP='gcc -E'
CPPFLAGS='-DMPICH_SKIP_MPICXX  -DENABLE_HDF5 '
CXX='g++'
CXXCPP='g++ -E'
CXXDEPMODE='depmode=gcc3'
CXXFLAGS='-g -O2'
CYGPATH_W='echo'
DEFS=''
DEPDIR='.deps'
DLLTOOL='false'
DSYMUTIL=''
DUMPBIN=''
ECHO_C=''
ECHO_N='-n'
ECHO_T=''
EGREP='/bin/grep -E'
ENABLE_CUBIT_FALSE=''
ENABLE_CUBIT_TRUE='#'
ENABLE_DOCUMENTATION_FALSE=''
ENABLE_DOCUMENTATION_TRUE='#'
ENABLE_FULL_TESTING_FALSE=''
ENABLE_FULL_TESTING_TRUE='#'
ENABLE_HDF5_FALSE='#'
ENABLE_HDF5_TRUE=''
ENABLE_SWIG_FALSE=''
ENABLE_SWIG_TRUE='#'
ENABLE_TESTING_FALSE=''
ENABLE_TESTING_TRUE='#'
EXEEXT=''
FGREP='/bin/grep -F'
GREP='/bin/grep'
INSTALL_DATA='${INSTALL} -m 644'
INSTALL_PROGRAM='${INSTALL}'
INSTALL_SCRIPT='${INSTALL}'
INSTALL_STRIP_PROGRAM='$(install_sh) -c -s'
LD='/usr/bin/ld'
LDFLAGS=''
LIBOBJS=''
LIBS=' '
LIBTOOL='$(SHELL) $(top_builddir)/libtool'
LIPO=''
LN_S='ln -s'
LTLIBOBJS=''
LT_SYS_LIBRARY_PATH=''
MAKEINFO='${SHELL} /home/raptor/build/pylith-josimar/features-poroelasticity/aux-config/missing makeinfo'
MANIFEST_TOOL=':'
MKDIR_P='/bin/mkdir -p'
NC_CONFIG=''
NETCDF4_CC=''
NETCDF4_CFLAGS=''
NETCDF4_FC=''
NETCDF4_FFLAGS=''
NETCDF4_FLIBS=''
NETCDF4_LDFLAGS=''
NETCDF4_LIBS=''
NETCDF4_VERSION=''
NM='/usr/bin/nm -B'
NMEDIT=''
NUMPY_INCDIR=''
OBJDUMP='objdump'
OBJEXT='o'
OTOOL64=''
OTOOL=''
PACKAGE='pylith'
PACKAGE_BUGREPORT='cig-short@geodynamics.org'
PACKAGE_NAME='PyLith'
PACKAGE_STRING='PyLith 2.2.1'
PACKAGE_TARNAME='pylith'
PACKAGE_URL=''
PACKAGE_VERSION='2.2.1'
PATH_SEPARATOR=':'
PETSC_ARCH=''
PETSC_CC=''
PETSC_CC_INCLUDES=''
PETSC_CXX=''
PETSC_CXX_INCLUDE=''
PETSC_CXX_LIB=''
PETSC_DIR=''
PETSC_FC=''
PETSC_FC_INCLUDES=''
PETSC_FORTRAN_LIB=''
PETSC_LIB=''
PETSC_MPI_INCLUDE=''
PETSC_MPI_LIB=''
PETSC_SIEVE_FLAGS=''
PETSC_VERSION_MAJOR=''
PETSC_VERSION_MINOR=''
PETSC_VERSION_SUBMINOR=''
PYLITH_SWIG_CPPFLAGS='-DENABLE_HDF5 '
PYTHON='/home/raptor/pylith/bin/nemesis'
PYTHONPATH='/home/raptor/pylith/lib/python2.7/site-packages:/home/raptor/pylith/lib64/python2.7/site-packages:'
PYTHON_BLDLIBRARY='-L/home/raptor/pylith/lib -L/home/raptor/pylith/lib/python2.7/config -lpython2.7'
PYTHON_CPPFLAGS='-I/home/raptor/pylith/include/python2.7 -I/home/raptor/pylith/include/python2.7'
PYTHON_EGG_CPPFLAGS=''
PYTHON_EXEC_PREFIX='${exec_prefix}'
PYTHON_INCDIR='/home/raptor/pylith/include/python2.7'
PYTHON_LA_LDFLAGS=''
PYTHON_LDFLAGS='-L/home/raptor/pylith/lib -L/home/raptor/pylith/lib/python2.7/config'
PYTHON_LDLAST=''
PYTHON_LDLIBRARY='libpython2.7.so'
PYTHON_LIBDIR='/home/raptor/pylith/lib'
PYTHON_LIBP='/home/raptor/pylith/lib/python2.7'
PYTHON_LIBPL='/home/raptor/pylith/lib/python2.7/config'
PYTHON_LIBS='-lpthread -ldl -lutil -lm -lpython2.7'
PYTHON_LINKFORSHARED='-Xlinker -export-dynamic'
PYTHON_MODLIBS=''
PYTHON_PLATFORM='linux2'
PYTHON_PREFIX='${prefix}'
PYTHON_SYSLIBS='-lm'
PYTHON_VERSION='2.7'
RANLIB='ranlib'
SED='/bin/sed'
SET_MAKE=''
SHELL='/bin/bash'
STRIP='strip'
SWIG=''
SWIG_LIB=''
VERSION='2.2.1'
_cv_PYTHON_INCDIR='/home/raptor/pylith/include/python2.7'
ac_ct_AR='ar'
ac_ct_CC='gcc'
ac_ct_CXX='g++'
ac_ct_DUMPBIN=''
am__EXEEXT_FALSE=''
am__EXEEXT_TRUE=''
am__fastdepCC_FALSE='#'
am__fastdepCC_TRUE=''
am__fastdepCXX_FALSE='#'
am__fastdepCXX_TRUE=''
am__include='include'
am__isrc=''
am__leading_dot='.'
am__nodep='_no'
am__quote=''
am__tar='$${TAR-tar} chof - "$$tardir"'
am__untar='$${TAR-tar} xf -'
bindir='${exec_prefix}/bin'
build=''
build_alias=''
build_cpu=''
build_os=''
build_vendor=''
datadir='${datarootdir}'
datarootdir='${prefix}/share'
docdir='${datarootdir}/doc/${PACKAGE_TARNAME}'
dvidir='${docdir}'
exec_prefix='NONE'
have_doxygen=''
host=''
host_alias=''
host_cpu=''
host_os=''
host_vendor=''
htmldir='${docdir}'
includedir='${prefix}/include'
infodir='${datarootdir}/info'
install_sh='${SHELL} /home/raptor/build/pylith-josimar/features-poroelasticity/aux-config/install-sh'
libdir='${exec_prefix}/lib'
libexecdir='${exec_prefix}/libexec'
localedir='${datarootdir}/locale'
localstatedir='${prefix}/var'
mandir='${datarootdir}/man'
mkdir_p='$(MKDIR_P)'
oldincludedir='/usr/include'
pdfdir='${docdir}'
pkgpyexecdir='${pyexecdir}/pylith'
pkgpythondir='${pythondir}/pylith'
prefix='NONE'
program_transform_name='s,x,x,'
psdir='${docdir}'
pyexecdir='${exec_prefix}/lib/python2.7/site-packages'
pythondir='${prefix}/lib/python2.7/site-packages'
runstatedir='${localstatedir}/run'
sbindir='${exec_prefix}/sbin'
sharedstatedir='${prefix}/com'
sysconfdir='${prefix}/etc'
target_alias=''

## ----------- ##
## confdefs.h. ##
## ----------- ##

/* confdefs.h */
#define PACKAGE_NAME "PyLith"
#define PACKAGE_TARNAME "pylith"
#define PACKAGE_VERSION "2.2.1"
#define PACKAGE_STRING "PyLith 2.2.1"
#define PACKAGE_BUGREPORT "cig-short@geodynamics.org"
#define PACKAGE_URL ""
#define PACKAGE "pylith"
#define VERSION "2.2.1"
#define STDC_HEADERS 1
#define HAVE_SYS_TYPES_H 1
#define HAVE_SYS_STAT_H 1
#define HAVE_STDLIB_H 1
#define HAVE_STRING_H 1
#define HAVE_MEMORY_H 1
#define HAVE_STRINGS_H 1
#define HAVE_INTTYPES_H 1
#define HAVE_STDINT_H 1
#define HAVE_UNISTD_H 1
#define HAVE_DLFCN_H 1
#define LT_OBJDIR ".libs/"

configure: exit 1
